<?xml version="1.0" encoding="UTF-8"?>
<!-- Generated by org.testng.reporters.JUnitReportReporter -->
<testsuite skipped="0" hostname="DESKTOP-SSA0485" name="sample.sample.amazonSearch" tests="4" failures="0" timestamp="2020-09-11T16:00:40 IST" time="191.516" errors="0">
  <testcase name="launchSafari" time="37.790" classname="sample.sample.amazonSearch"/>
  <system-out/>
  <testcase name="launchChrome" time="52.619" classname="sample.sample.amazonSearch"/>
  <system-out/>
  <testcase name="launchFirefox" time="40.194" classname="sample.sample.amazonSearch"/>
  <system-out/>
  <testcase name="launchEdge" time="60.913" classname="sample.sample.amazonSearch"/>
  <system-out/>
</testsuite> <!-- sample.sample.amazonSearch -->
