<?xml version="1.0" encoding="UTF-8"?>
<!-- Generated by org.testng.reporters.JUnitReportReporter -->
<testsuite skipped="0" hostname="DESKTOP-SSA0485" name="sample.sample.NewTest" tests="2" failures="0" timestamp="2020-09-03T11:06:33 IST" time="96.084" errors="0">
  <testcase name="launchEdge" time="49.890" classname="sample.sample.NewTest"/>
  <system-out/>
  <testcase name="launchChrome" time="46.194" classname="sample.sample.NewTest"/>
  <system-out/>
</testsuite> <!-- sample.sample.NewTest -->
