<?xml version="1.0" encoding="UTF-8"?>
<!-- Generated by org.testng.reporters.JUnitReportReporter -->
<testsuite hostname="Mayanks-MacBook-Pro.local" failures="0" tests="4" name="sample.sample.amazonSearch" time="106.843" errors="0" timestamp="26 Nov 2020 20:27:06 GMT">
  <testcase classname="sample.sample.amazonSearch" name="launchEdge" time="23.715"/>
  <testcase classname="sample.sample.amazonSearch" name="launchChrome" time="38.633"/>
  <testcase classname="sample.sample.amazonSearch" name="launchFirefox" time="19.340"/>
  <testcase classname="sample.sample.amazonSearch" name="launchSafari" time="25.155"/>
</testsuite> <!-- sample.sample.amazonSearch -->
