<?xml version="1.0" encoding="UTF-8"?>
<!-- Generated by org.testng.reporters.JUnitReportReporter -->
<testsuite skipped="0" hostname="DESKTOP-SSA0485" name="sample.sample.browserStackInception" tests="1" failures="0" timestamp="2020-09-10T13:58:05 IST" time="97.884" errors="0">
  <testcase name="launchChrome" time="97.884" classname="sample.sample.browserStackInception"/>
  <system-out/>
</testsuite> <!-- sample.sample.browserStackInception -->
